         1              0              0              0              3
         0
         4            OS               1              0            PP 
 NTAU IN OLDSTA,MOLOLD =           48           1
  THE PARAMETERS CHOSEN IN parameter.inc:
  NDP,NRAYS,mkomp,mkompr,ifadim,NWL,mtemp,mpe=
    100    160     27     16   1100  35500     12      1
  NTAU,JTAU at beginning of MAINB =          48           0
         4000.0            4.5                                          0.1
        10             1.0E+08          300.0            1.0         0
         1             1.5E-08         1         0         1
        20              0             10             10                  2.
  lops =            0    nops =            1
             2.             0.             8.             0.             0.
         4              5              3
  NTAU,JTAU in MAINB =           48          48
 NTAU,JTAU at end of MAINB =          48          48
0* MODEL PARAMETERS

                    TEFF   =     4000.          LOG (L/LSUN)=-1.71          BOLOM. MAGN.=  8.98
                    LOG G  =      4.50          LOG (ATM/R) =-2.69          LOG (R/RSUN)=-0.53
                    M/MSUN =       0.1

                    PALFA  =      2.00
                    PBETA  =      0.00
                    PNY    =        8.
                    PY     =     0.076

                    NOCONV =        10
                    MIHAL  =   20
                    KONSG  =    0  KORT  =   10  KPP  =   10
                    MYPNTS =         4(no use for spherical)
                    FACPLY =     1.000
                    XMAX   =  1.00E+08
                    TAUM   =    300.00
                    METBL  =         0

                    NCORE  =         5
                    KDIFF  =         3
Abundances of H,He,C,N,O,Fe:
  12.00  10.93   8.39   7.78   8.66   7.45
  abund(1-17):
   12.0000   10.9300    1.0500    1.3800    2.7000    8.3900
    7.7800    8.6600    4.5600    7.8400    6.1700    7.5300
    6.3700    7.5100    5.3600    7.1400    5.5000
0IELEM AND ION = 1 OR 0 MEANS ELEMENT AND IONIZATION STAGE SHOULD BE CONSIDERED OR DISREGARDED RESP.
0PF=2 FULL PART. FUNC., =1 PART. FUNC. TO BE INTERPOLATED IN T, =0 CONSTANT PART. FUNC.
,ASYMPTOTIC PARTS OF PART. FUNC. FOLLOWING FISCHEL AND SPARKS 1971
0PARTITION FUNCTIONS SUPPLIED BY THE USER
0MOLECULES CONSIDERED BELOW T= 15000. KELVIN
0MOLECULES CONSIDERED:  H2, H2+, H2O, OH, CH, CO, CN, C2, N2, O2, NO, NH
0XMY=GRAMS STELLAR MATTER/GRAMS OF HYDROGEN= 1.3544     SUMH=NUMBER OF OTHER ATOMS/NUMBER OF H= 0.08606
  We did a resolution based set of os wavenumbers
 Total  10598 OS wavenumbers for Marcs radiative transf.
 Approximate resolution is   2000. (corresponding to step factor10.00050)
 OS interval:  400.0-  80004.0 cm^-1 (= 0.12- 25.0mu)
 Marcs OS wavenumbers established:
 There will be   10598 frequency points from wnos(1)=   400.00 to wnos(nwtot)= 80004.01 in radiative transfer
 im,molname(im) =   1                                         C2  
 im,molname(im) =   2                                         CaH 
 im,molname(im) =   3                                         CH  
 im,molname(im) =   4                                         CN  
 im,molname(im) =   5                                         CO  
 im,molname(im) =   6                                         CO2 
 im,molname(im) =   7                                         FeH 
 im,molname(im) =   8                                         H2O 
 im,molname(im) =   9                                         HCN 
 im,molname(im) =  10                                         MgH 
 im,molname(im) =  11                                         NH  
 im,molname(im) =  12                                         OH  
 im,molname(im) =  13                                         SiH 
 im,molname(im) =  14                                         SiO 
 im,molname(im) =  15                                         TiH 
 im,molname(im) =  16                                         TiO 
 im,molname(im) =  17                                         CrH 
 im,molname(im) =  18                                         NO  
 im,molname(im) =  19                                         LiH 
 im,molname(im) =  20                                         VO  
 im,molname(im) =  21                                         ZrO 
 im,molname(im) =  22                                         H2  
 im,molname(im) =  23                                         at1d
  IM for metals =            0
  **** NOW ITERATION            1  IS STARTING ****
  nkomp,nprova,nprovs =           27          13           3
  the names of the abs and scat components are:

H-      H BF G1 (H+H)   H2+     H2-     C I     MG I    AL I    SI I    HE I    
HE-     H2PR    HEPR    ELSC    H-SC    H2SC    
 time when starting OSTABLOOK:
 Total time spent:  0.04 sec. Added time:  0.04 sec.
  after call to JON loop (11) in OSTABLOOK
 nm=  1 for molecule: C2   with presmo index  9
 CONS=0; idmol,it,t=   9   1  2898. because partp,akapmol=  3.99E-07  1.07E-28
 CONS=/0; con0wr,idmol,it=   1295   9  13; partp,akapmol=   3.845E-08   1.643E+03
 We assigned opacity data for  9913 OS frequency points, out of 10598 OS freq. in total
  jvlast,jvfirst =        9913           2
 SSD (sum wn-wnmol/  9913) for C2   was:  3.2241E-01
 INTEGRATED ABS.COF. IN CM/MOL FOR C2  
 1.247E+10 1.248E+10 1.250E+10 1.252E+10 1.253E+10 1.255E+10 1.257E+10 1.258E+10
 1.259E+10 1.261E+10 1.262E+10 1.263E+10 1.264E+10 1.265E+10 1.266E+10 1.267E+10
 1.268E+10 1.269E+10 1.270E+10 1.271E+10 1.272E+10 1.273E+10 1.274E+10 1.275E+10
 1.276E+10 1.277E+10 1.279E+10 1.280E+10 1.281E+10 1.283E+10 1.284E+10 1.285E+10
 1.285E+10 1.285E+10 1.285E+10 1.285E+10 1.285E+10 1.285E+10 1.285E+10 1.285E+10
 1.285E+10 1.285E+10 1.285E+10 1.285E+10 1.285E+10 1.285E+10 1.285E+10 1.285E+10
 INTEGRATED OPACITY IN CM/g* FOR C2  
 4.971E+03 4.218E+03 3.539E+03 2.941E+03 2.427E+03 1.994E+03 1.633E+03 1.336E+03
 1.091E+03 8.913E+02 7.281E+02 5.949E+02 4.862E+02 3.974E+02 3.250E+02 2.659E+02
 2.174E+02 1.778E+02 1.453E+02 1.187E+02 9.685E+01 7.902E+01 6.444E+01 5.259E+01
 4.289E+01 3.534E+01 2.919E+01 2.426E+01 2.035E+01 1.726E+01 1.483E+01 1.290E+01
 1.134E+01 1.008E+01 9.041E+00 8.156E+00 7.382E+00 6.685E+00 6.043E+00 5.448E+00
 4.913E+00 4.455E+00 4.078E+00 3.766E+00 3.500E+00 3.269E+00 3.061E+00 2.871E+00
 nm=  2 for molecule: CaH  with presmo index215
 CONS=0; idmol,it,t= 215   1  2898. because partp,akapmol=  9.64E-09  1.69E-39
 CONS=/0; con0wr,idmol,it=    202 215  10; partp,akapmol=   1.710E-09   1.679E-31
 CONS=/0; con0wr,idmol,it=    212 215  20; partp,akapmol=   2.258E-10   4.507E-31
 CONS=/0; con0wr,idmol,it=    222 215  30; partp,akapmol=   3.256E-11   5.119E-30
 CONS=/0; con0wr,idmol,it=    232 215  40; partp,akapmol=   1.025E-11   9.079E-30
 CONS=/0; con0wr,idmol,it=   8057 215  10; partp,akapmol=   1.710E-09   5.091E-26
 CONS=/0; con0wr,idmol,it=   8067 215  20; partp,akapmol=   2.258E-10   1.197E-25
 CONS=/0; con0wr,idmol,it=   8077 215  30; partp,akapmol=   3.256E-11   9.475E-25
 CONS=/0; con0wr,idmol,it=   8087 215  40; partp,akapmol=   1.025E-11   1.534E-24
 CONS=/0; con0wr,idmol,it=  18474 215  10; partp,akapmol=   1.710E-09   1.212E-40
 CONS=/0; con0wr,idmol,it=  18484 215  20; partp,akapmol=   2.258E-10   1.856E-40
 CONS=/0; con0wr,idmol,it=  18494 215  30; partp,akapmol=   3.256E-11   2.865E-39
 CONS=/0; con0wr,idmol,it=  18504 215  40; partp,akapmol=   1.025E-11   1.104E-38
 CONS=/0; con0wr,idmol,it=  19295 215  10; partp,akapmol=   1.710E-09   1.521E-36
 CONS=/0; con0wr,idmol,it=  19305 215  20; partp,akapmol=   2.258E-10   2.233E-36
 CONS=/0; con0wr,idmol,it=  19315 215  30; partp,akapmol=   3.256E-11   1.873E-35
 CONS=/0; con0wr,idmol,it=  19325 215  40; partp,akapmol=   1.025E-11   6.905E-35
 CONS=/0; con0wr,idmol,it=  20223 215  13; partp,akapmol=   9.301E-10   4.125E-06
 We assigned opacity data for  8968 OS frequency points, out of 10598 OS freq. in total
  jvlast,jvfirst =        8968           2
 SSD (sum wn-wnmol/  8968) for CaH  was:  2.2127E-01
 INTEGRATED ABS.COF. IN CM/MOL FOR CaH 
 8.779E+10 8.801E+10 8.826E+10 8.853E+10 8.882E+10 8.912E+10 8.944E+10 8.976E+10
 9.009E+10 9.042E+10 9.076E+10 9.110E+10 9.144E+10 9.178E+10 9.212E+10 9.248E+10
 9.284E+10 9.322E+10 9.362E+10 9.405E+10 9.452E+10 9.505E+10 9.564E+10 9.637E+10
 9.714E+10 9.859E+10 1.002E+11 1.020E+11 1.040E+11 1.060E+11 1.081E+11 1.090E+11
 1.090E+11 1.090E+11 1.090E+11 1.090E+11 1.090E+11 1.090E+11 1.090E+11 1.090E+11
 1.090E+11 1.090E+11 1.090E+11 1.090E+11 1.090E+11 1.090E+11 1.090E+11 1.090E+11
 INTEGRATED OPACITY IN CM/g* FOR CaH 
 8.467E+02 7.193E+02 6.044E+02 5.032E+02 4.161E+02 3.425E+02 2.812E+02 2.305E+02
 1.888E+02 1.546E+02 1.267E+02 1.038E+02 8.505E+01 6.973E+01 5.719E+01 4.692E+01
 3.850E+01 3.158E+01 2.590E+01 2.124E+01 1.741E+01 1.427E+01 1.170E+01 9.617E+00
 7.900E+00 6.599E+00 5.536E+00 4.678E+00 3.994E+00 3.451E+00 3.020E+00 2.646E+00
 2.326E+00 2.068E+00 1.854E+00 1.673E+00 1.514E+00 1.371E+00 1.239E+00 1.117E+00
 1.008E+00 9.137E-01 8.364E-01 7.723E-01 7.179E-01 6.704E-01 6.278E-01 5.889E-01
 nm=  3 for molecule: CH   with presmo index  6
 CONS=0; idmol,it,t=   6   1  2898. because partp,akapmol=  1.94E-04  7.36E-34
 CONS=/0; con0wr,idmol,it=   7910   6  10; partp,akapmol=   3.432E-05   1.037E-40
 CONS=/0; con0wr,idmol,it=   7920   6  20; partp,akapmol=   4.532E-06   1.651E-40
 CONS=/0; con0wr,idmol,it=   7930   6  30; partp,akapmol=   6.534E-07   7.628E-38
 CONS=/0; con0wr,idmol,it=   7940   6  40; partp,akapmol=   2.058E-07   3.090E-37
 CONS=/0; con0wr,idmol,it=  15660   6  13; partp,akapmol=   1.867E-05   1.602E-33
 We assigned opacity data for  9167 OS frequency points, out of 10598 OS freq. in total
  jvlast,jvfirst =        9167           2
 SSD (sum wn-wnmol/  9167) for CH   was:  2.3936E-01
 INTEGRATED ABS.COF. IN CM/MOL FOR CH  
 5.117E+09 5.131E+09 5.146E+09 5.163E+09 5.179E+09 5.196E+09 5.213E+09 5.230E+09
 5.247E+09 5.264E+09 5.280E+09 5.296E+09 5.312E+09 5.328E+09 5.343E+09 5.358E+09
 5.374E+09 5.390E+09 5.407E+09 5.424E+09 5.443E+09 5.464E+09 5.486E+09 5.514E+09
 5.542E+09 5.595E+09 5.652E+09 5.714E+09 5.781E+09 5.854E+09 5.935E+09 5.972E+09
 5.972E+09 5.972E+09 5.972E+09 5.972E+09 5.972E+09 5.972E+09 5.972E+09 5.972E+09
 5.972E+09 5.972E+09 5.972E+09 5.972E+09 5.972E+09 5.972E+09 5.972E+09 5.972E+09
 INTEGRATED OPACITY IN CM/g* FOR CH  
 9.904E+05 8.416E+05 7.073E+05 5.888E+05 4.869E+05 4.008E+05 3.289E+05 2.695E+05
 2.207E+05 1.806E+05 1.479E+05 1.211E+05 9.916E+04 8.123E+04 6.657E+04 5.456E+04
 4.472E+04 3.665E+04 3.002E+04 2.458E+04 2.012E+04 1.647E+04 1.347E+04 1.104E+04
 9.045E+03 7.514E+03 6.265E+03 5.258E+03 4.457E+03 3.825E+03 3.328E+03 2.909E+03
 2.558E+03 2.274E+03 2.039E+03 1.839E+03 1.665E+03 1.508E+03 1.363E+03 1.229E+03
 1.108E+03 1.005E+03 9.197E+02 8.493E+02 7.894E+02 7.371E+02 6.903E+02 6.476E+02
 nm=  4 for molecule: CN   with presmo index  8
 CONS=0; idmol,it,t=   8   1  2898. because partp,akapmol=  1.33E-06  3.05E-40
 CONS=/0; con0wr,idmol,it=   8622   8  10; partp,akapmol=   2.365E-07   3.691E-31
 CONS=/0; con0wr,idmol,it=   8632   8  20; partp,akapmol=   3.123E-08   1.508E-30
 CONS=/0; con0wr,idmol,it=   8642   8  30; partp,akapmol=   4.503E-09   4.184E-29
 CONS=/0; con0wr,idmol,it=   8652   8  40; partp,akapmol=   1.418E-09   9.012E-29
 CONS=/0; con0wr,idmol,it=  11145   8  10; partp,akapmol=   2.365E-07   2.455E-30
 CONS=/0; con0wr,idmol,it=  11155   8  20; partp,akapmol=   3.123E-08   9.068E-30
 CONS=/0; con0wr,idmol,it=  11165   8  30; partp,akapmol=   4.503E-09   2.078E-28
 CONS=/0; con0wr,idmol,it=  11175   8  40; partp,akapmol=   1.418E-09   4.314E-28
 CONS=/0; con0wr,idmol,it=  14838   8  13; partp,akapmol=   1.286E-07   1.479E-04
 We assigned opacity data for  9749 OS frequency points, out of 10598 OS freq. in total
  jvlast,jvfirst =        9749           2
 SSD (sum wn-wnmol/  9749) for CN   was:  3.0186E-01
 INTEGRATED ABS.COF. IN CM/MOL FOR CN  
 6.612E+09 6.596E+09 6.578E+09 6.559E+09 6.540E+09 6.520E+09 6.500E+09 6.480E+09
 6.461E+09 6.441E+09 6.422E+09 6.403E+09 6.385E+09 6.367E+09 6.349E+09 6.330E+09
 6.312E+09 6.293E+09 6.274E+09 6.253E+09 6.231E+09 6.207E+09 6.180E+09 6.147E+09
 6.114E+09 6.053E+09 5.987E+09 5.918E+09 5.848E+09 5.777E+09 5.705E+09 5.676E+09
 5.676E+09 5.676E+09 5.676E+09 5.676E+09 5.676E+09 5.676E+09 5.676E+09 5.676E+09
 5.676E+09 5.676E+09 5.676E+09 5.676E+09 5.676E+09 5.676E+09 5.676E+09 5.676E+09
 INTEGRATED OPACITY IN CM/g* FOR CN  
 8.820E+03 7.456E+03 6.230E+03 5.156E+03 4.237E+03 3.466E+03 2.827E+03 2.302E+03
 1.873E+03 1.523E+03 1.240E+03 1.009E+03 8.214E+02 6.690E+02 5.451E+02 4.443E+02
 3.620E+02 2.949E+02 2.401E+02 1.953E+02 1.587E+02 1.289E+02 1.046E+02 8.485E+01
 6.877E+01 5.603E+01 4.573E+01 3.753E+01 3.107E+01 2.601E+01 2.204E+01 1.906E+01
 1.676E+01 1.490E+01 1.336E+01 1.205E+01 1.091E+01 9.876E+00 8.927E+00 8.049E+00
 7.258E+00 6.582E+00 6.025E+00 5.564E+00 5.172E+00 4.829E+00 4.522E+00 4.242E+00
 nm=  5 for molecule: CO   with presmo index  7
 CONS=0; idmol,it,t=   7   1  2898. because partp,akapmol=  2.50E-04  3.93E-40
 CONS=/0; con0wr,idmol,it=   2671   7  49; partp,akapmol=   0.000E+00   0.000E+00
 We assigned opacity data for  8765 OS frequency points, out of 10598 OS freq. in total
  jvlast,jvfirst =       10597           2
 SSD (sum wn-wnmol/  8765) for CO   was:  5.1079E-01
 INTEGRATED ABS.COF. IN CM/MOL FOR CO  
 8.311E+10 8.349E+10 8.393E+10 8.442E+10 8.494E+10 8.550E+10 8.608E+10 8.668E+10
 8.731E+10 8.795E+10 8.860E+10 8.926E+10 8.994E+10 9.062E+10 9.131E+10 9.203E+10
 9.278E+10 9.357E+10 9.440E+10 9.531E+10 9.631E+10 9.744E+10 9.873E+10 1.003E+11
 1.021E+11 1.054E+11 1.093E+11 1.137E+11 1.186E+11 1.240E+11 1.300E+11 1.326E+11
 1.326E+11 1.326E+11 1.326E+11 1.326E+11 1.326E+11 1.326E+11 1.326E+11 1.326E+11
 1.326E+11 1.326E+11 1.326E+11 1.326E+11 1.326E+11 1.326E+11 1.326E+11 1.326E+11
 INTEGRATED OPACITY IN CM/g* FOR CO  
 2.075E+07 1.766E+07 1.488E+07 1.242E+07 1.030E+07 8.504E+06 7.004E+06 5.761E+06
 4.736E+06 3.892E+06 3.200E+06 2.632E+06 2.165E+06 1.782E+06 1.467E+06 1.209E+06
 9.957E+05 8.205E+05 6.760E+05 5.570E+05 4.591E+05 3.787E+05 3.127E+05 2.592E+05
 2.148E+05 1.826E+05 1.563E+05 1.350E+05 1.180E+05 1.045E+05 9.401E+04 8.330E+04
 7.325E+04 6.511E+04 5.838E+04 5.267E+04 4.767E+04 4.317E+04 3.902E+04 3.518E+04
 3.172E+04 2.877E+04 2.633E+04 2.432E+04 2.260E+04 2.111E+04 1.977E+04 1.854E+04
 nm=  6 for molecule: CO2  with presmo index 46
 CONS=0; idmol,it,t=  46   1  2898. because partp,akapmol=  1.08E-11  1.27E-23
 CONS=/0; con0wr,idmol,it=    423  46  13; partp,akapmol=   1.041E-12   3.242E-05
 We assigned opacity data for  6930 OS frequency points, out of 10598 OS freq. in total
  jvlast,jvfirst =        6930           2
 SSD (sum wn-wnmol/  6930) for CO2  was:  1.0133E-01
 INTEGRATED ABS.COF. IN CM/MOL FOR CO2 
 5.672E+07 5.645E+07 5.615E+07 5.583E+07 5.550E+07 5.516E+07 5.483E+07 5.449E+07
 5.415E+07 5.382E+07 5.349E+07 5.316E+07 5.284E+07 5.252E+07 5.221E+07 5.189E+07
 5.156E+07 5.123E+07 5.088E+07 5.051E+07 5.011E+07 4.967E+07 4.918E+07 4.859E+07
 4.797E+07 4.683E+07 4.557E+07 4.424E+07 4.284E+07 4.137E+07 3.985E+07 3.922E+07
 3.922E+07 3.922E+07 3.922E+07 3.922E+07 3.922E+07 3.922E+07 3.922E+07 3.922E+07
 3.922E+07 3.922E+07 3.922E+07 3.922E+07 3.922E+07 3.922E+07 3.922E+07 3.922E+07
 INTEGRATED OPACITY IN CM/g* FOR CO2 
 6.124E-04 5.165E-04 4.305E-04 3.552E-04 2.911E-04 2.374E-04 1.930E-04 1.567E-04
 1.271E-04 1.030E-04 8.357E-05 6.780E-05 5.503E-05 4.467E-05 3.628E-05 2.947E-05
 2.394E-05 1.943E-05 1.576E-05 1.277E-05 1.033E-05 8.351E-06 6.738E-06 5.428E-06
 4.367E-06 3.509E-06 2.818E-06 2.271E-06 1.842E-06 1.508E-06 1.246E-06 1.066E-06
 9.372E-07 8.331E-07 7.470E-07 6.739E-07 6.099E-07 5.523E-07 4.992E-07 4.501E-07
 4.059E-07 3.681E-07 3.369E-07 3.111E-07 2.892E-07 2.700E-07 2.529E-07 2.372E-07
 nm=  7 for molecule: FeH  with presmo index216
 CONS=0; idmol,it,t= 216   1  2898. because partp,akapmol=  2.73E-07  4.22E-41
 CONS=/0; con0wr,idmol,it=   5879 216  10; partp,akapmol=   4.835E-08   4.233E-31
 CONS=/0; con0wr,idmol,it=   5889 216  20; partp,akapmol=   6.385E-09   8.050E-31
 CONS=/0; con0wr,idmol,it=   5899 216  30; partp,akapmol=   9.206E-10   3.751E-30
 CONS=/0; con0wr,idmol,it=   5909 216  40; partp,akapmol=   2.899E-10   5.375E-30
 CONS=/0; con0wr,idmol,it=   6422 216  13; partp,akapmol=   2.630E-08   2.825E-10
 We assigned opacity data for  7395 OS frequency points, out of 10598 OS freq. in total
  jvlast,jvfirst =        7395           2
 SSD (sum wn-wnmol/  7395) for FeH  was:  1.2054E-01
 INTEGRATED ABS.COF. IN CM/MOL FOR FeH 
 3.479E+09 3.454E+09 3.426E+09 3.397E+09 3.369E+09 3.340E+09 3.311E+09 3.284E+09
 3.256E+09 3.230E+09 3.204E+09 3.179E+09 3.154E+09 3.130E+09 3.107E+09 3.084E+09
 3.061E+09 3.037E+09 3.013E+09 2.988E+09 2.961E+09 2.932E+09 2.900E+09 2.862E+09
 2.824E+09 2.754E+09 2.680E+09 2.603E+09 2.526E+09 2.447E+09 2.366E+09 2.333E+09
 2.333E+09 2.333E+09 2.333E+09 2.333E+09 2.333E+09 2.333E+09 2.333E+09 2.333E+09
 2.333E+09 2.333E+09 2.333E+09 2.333E+09 2.333E+09 2.333E+09 2.333E+09 2.333E+09
 INTEGRATED OPACITY IN CM/g* FOR FeH 
 9.487E+02 7.981E+02 6.634E+02 5.459E+02 4.461E+02 3.629E+02 2.944E+02 2.384E+02
 1.929E+02 1.562E+02 1.264E+02 1.024E+02 8.295E+01 6.724E+01 5.454E+01 4.424E+01
 3.589E+01 2.909E+01 2.357E+01 1.908E+01 1.542E+01 1.245E+01 1.003E+01 8.076E+00
 6.492E+00 5.212E+00 4.184E+00 3.375E+00 2.744E+00 2.252E+00 1.869E+00 1.601E+00
 1.408E+00 1.252E+00 1.122E+00 1.012E+00 9.163E-01 8.298E-01 7.501E-01 6.763E-01
 6.098E-01 5.530E-01 5.062E-01 4.674E-01 4.345E-01 4.057E-01 3.799E-01 3.564E-01
 nm=  8 for molecule: H2O  with presmo index  4
 CONS=0; idmol,it,t=   4   1  2898. because partp,akapmol=  3.05E-07  3.60E-33
 CONS=/0; con0wr,idmol,it=     48   4  49; partp,akapmol=   0.000E+00   0.000E+00
 We assigned opacity data for  7250 OS frequency points, out of 10598 OS freq. in total
  jvlast,jvfirst =        7250           2
 SSD (sum wn-wnmol/  7250) for H2O  was:  1.1414E-01
 INTEGRATED ABS.COF. IN CM/MOL FOR H2O 
 3.912E+07 3.920E+07 3.929E+07 3.939E+07 3.949E+07 3.958E+07 3.968E+07 3.978E+07
 3.987E+07 3.997E+07 4.006E+07 4.014E+07 4.023E+07 4.031E+07 4.040E+07 4.048E+07
 4.056E+07 4.065E+07 4.073E+07 4.082E+07 4.092E+07 4.102E+07 4.114E+07 4.127E+07
 4.141E+07 4.167E+07 4.195E+07 4.226E+07 4.259E+07 4.297E+07 4.341E+07 4.361E+07
 4.361E+07 4.361E+07 4.361E+07 4.361E+07 4.361E+07 4.361E+07 4.361E+07 4.361E+07
 4.361E+07 4.361E+07 4.361E+07 4.361E+07 4.361E+07 4.361E+07 4.361E+07 4.361E+07
 INTEGRATED OPACITY IN CM/g* FOR H2O 
 1.194E+01 1.014E+01 8.519E+00 7.087E+00 5.856E+00 4.816E+00 3.950E+00 3.234E+00
 2.646E+00 2.164E+00 1.770E+00 1.448E+00 1.185E+00 9.697E-01 7.940E-01 6.503E-01
 5.325E-01 4.360E-01 3.568E-01 2.919E-01 2.386E-01 1.950E-01 1.594E-01 1.304E-01
 1.066E-01 8.830E-02 7.336E-02 6.134E-02 5.181E-02 4.429E-02 3.839E-02 3.351E-02
 2.947E-02 2.620E-02 2.349E-02 2.119E-02 1.918E-02 1.737E-02 1.570E-02 1.415E-02
 1.276E-02 1.157E-02 1.059E-02 9.784E-03 9.095E-03 8.492E-03 7.952E-03 7.460E-03
 nm=  9 for molecule: HCN  with presmo index 15
 CONS=0; idmol,it,t=  15   1  2898. because partp,akapmol=  1.14E-09  2.59E-25
 CONS=/0; con0wr,idmol,it=    111  15  13; partp,akapmol=   1.099E-10   9.425E-08
 We assigned opacity data for  7569 OS frequency points, out of 10598 OS freq. in total
  jvlast,jvfirst =        7569           2
 SSD (sum wn-wnmol/  7569) for HCN  was:  1.2874E-01
 INTEGRATED ABS.COF. IN CM/MOL FOR HCN 
 3.222E+06 3.223E+06 3.225E+06 3.226E+06 3.227E+06 3.228E+06 3.229E+06 3.229E+06
 3.229E+06 3.229E+06 3.229E+06 3.228E+06 3.227E+06 3.226E+06 3.225E+06 3.223E+06
 3.222E+06 3.220E+06 3.217E+06 3.215E+06 3.212E+06 3.208E+06 3.203E+06 3.197E+06
 3.191E+06 3.177E+06 3.161E+06 3.142E+06 3.122E+06 3.099E+06 3.077E+06 3.068E+06
 3.068E+06 3.068E+06 3.068E+06 3.068E+06 3.068E+06 3.068E+06 3.068E+06 3.068E+06
 3.068E+06 3.068E+06 3.068E+06 3.068E+06 3.068E+06 3.068E+06 3.068E+06 3.068E+06
 INTEGRATED OPACITY IN CM/g* FOR HCN 
 3.672E-03 3.114E-03 2.610E-03 2.167E-03 1.787E-03 1.466E-03 1.200E-03 9.801E-04
 7.999E-04 6.527E-04 5.326E-04 4.346E-04 3.548E-04 2.897E-04 2.366E-04 1.933E-04
 1.579E-04 1.289E-04 1.052E-04 8.580E-05 6.992E-05 5.694E-05 4.633E-05 3.771E-05
 3.067E-05 2.513E-05 2.063E-05 1.703E-05 1.417E-05 1.193E-05 1.016E-05 8.801E-06
 7.740E-06 6.880E-06 6.169E-06 5.565E-06 5.037E-06 4.561E-06 4.123E-06 3.717E-06
 3.352E-06 3.040E-06 2.782E-06 2.569E-06 2.388E-06 2.230E-06 2.088E-06 1.959E-06
 nm= 10 for molecule: MgH  with presmo index 34
 CONS=0; idmol,it,t=  34   1  2898. because partp,akapmol=  1.06E-06  2.85E-32
 CONS=/0; con0wr,idmol,it=   1423  34  30; partp,akapmol=   3.581E-09   2.059E-26
 CONS=/0; con0wr,idmol,it=   1433  34  40; partp,akapmol=   1.128E-09  -2.222E-25
 CONS=/0; con0wr,idmol,it=  18663  34  10; partp,akapmol=   1.881E-07   2.513E-39
 CONS=/0; con0wr,idmol,it=  18673  34  20; partp,akapmol=   2.484E-08   3.922E-39
 CONS=/0; con0wr,idmol,it=  18683  34  30; partp,akapmol=   3.581E-09   1.288E-37
 CONS=/0; con0wr,idmol,it=  18693  34  40; partp,akapmol=   1.128E-09   5.105E-37
 CONS=/0; con0wr,idmol,it=  19966  34  13; partp,akapmol=   1.023E-07   2.524E+00
 We assigned opacity data for  8532 OS frequency points, out of 10598 OS freq. in total
  jvlast,jvfirst =        8532           2
 SSD (sum wn-wnmol/  8532) for MgH  was:  1.8649E-01
 INTEGRATED ABS.COF. IN CM/MOL FOR MgH 
 2.696E+10 2.692E+10 2.688E+10 2.683E+10 2.678E+10 2.673E+10 2.667E+10 2.662E+10
 2.657E+10 2.651E+10 2.646E+10 2.641E+10 2.636E+10 2.630E+10 2.625E+10 2.620E+10
 2.615E+10 2.609E+10 2.603E+10 2.597E+10 2.590E+10 2.583E+10 2.575E+10 2.565E+10
 2.555E+10 2.535E+10 2.514E+10 2.492E+10 2.469E+10 2.446E+10 2.422E+10 2.413E+10
 2.413E+10 2.413E+10 2.413E+10 2.413E+10 2.413E+10 2.413E+10 2.413E+10 2.413E+10
 2.413E+10 2.413E+10 2.413E+10 2.413E+10 2.413E+10 2.413E+10 2.413E+10 2.413E+10
 INTEGRATED OPACITY IN CM/g* FOR MgH 
 2.860E+04 2.420E+04 2.024E+04 1.677E+04 1.380E+04 1.130E+04 9.223E+03 7.518E+03
 6.123E+03 4.987E+03 4.061E+03 3.309E+03 2.696E+03 2.198E+03 1.792E+03 1.462E+03
 1.192E+03 9.722E+02 7.922E+02 6.450E+02 5.248E+02 4.266E+02 3.466E+02 2.815E+02
 2.285E+02 1.866E+02 1.527E+02 1.257E+02 1.043E+02 8.758E+01 7.442E+01 6.441E+01
 5.664E+01 5.035E+01 4.515E+01 4.073E+01 3.686E+01 3.338E+01 3.017E+01 2.720E+01
 2.453E+01 2.225E+01 2.036E+01 1.880E+01 1.748E+01 1.632E+01 1.528E+01 1.434E+01
 nm= 11 for molecule: NH   with presmo index 13
 CONS=0; idmol,it,t=  13  31  3958. because partp,akapmol=  9.61E-08  6.13E-27
 CONS=/0; con0wr,idmol,it=   4988  13  10; partp,akapmol=   5.883E-06   2.739E-29
 CONS=/0; con0wr,idmol,it=   4998  13  20; partp,akapmol=   7.768E-07   1.279E-28
 CONS=/0; con0wr,idmol,it=   5008  13  30; partp,akapmol=   1.120E-07   5.445E-27
 CONS=/0; con0wr,idmol,it=   5017  13  40; partp,akapmol=   3.527E-08   1.308E-26
 CONS=/0; con0wr,idmol,it=  12455  13  10; partp,akapmol=   5.883E-06   2.226E-40
 CONS=/0; con0wr,idmol,it=  12465  13  20; partp,akapmol=   7.768E-07   3.527E-40
 CONS=/0; con0wr,idmol,it=  12475  13  30; partp,akapmol=   1.120E-07   3.546E-38
 CONS=/0; con0wr,idmol,it=  12485  13  40; partp,akapmol=   3.527E-08   1.428E-37
 CONS=/0; con0wr,idmol,it=  17345  13  13; partp,akapmol=   3.200E-06   1.978E-35
 We assigned opacity data for  9388 OS frequency points, out of 10598 OS freq. in total
  jvlast,jvfirst =        9388           2
 SSD (sum wn-wnmol/  9388) for NH   was:  2.6130E-01
 INTEGRATED ABS.COF. IN CM/MOL FOR NH  
 1.398E+09 1.400E+09 1.403E+09 1.405E+09 1.408E+09 1.410E+09 1.413E+09 1.416E+09
 1.418E+09 1.421E+09 1.424E+09 1.426E+09 1.429E+09 1.431E+09 1.434E+09 1.437E+09
 1.439E+09 1.442E+09 1.445E+09 1.448E+09 1.451E+09 1.455E+09 1.459E+09 1.463E+09
 1.469E+09 1.478E+09 1.489E+09 1.500E+09 1.513E+09 1.526E+09 1.542E+09 1.548E+09
 1.548E+09 1.548E+09 1.548E+09 1.548E+09 1.548E+09 1.548E+09 1.548E+09 1.548E+09
 1.548E+09 1.548E+09 1.548E+09 1.548E+09 1.548E+09 1.548E+09 1.548E+09 1.548E+09
 INTEGRATED OPACITY IN CM/g* FOR NH  
 4.638E+04 3.937E+04 3.304E+04 2.747E+04 2.268E+04 1.864E+04 1.528E+04 1.250E+04
 1.022E+04 8.359E+03 6.834E+03 5.589E+03 4.572E+03 3.741E+03 3.062E+03 2.507E+03
 2.053E+03 1.681E+03 1.375E+03 1.125E+03 9.194E+02 7.514E+02 6.140E+02 5.024E+02
 4.108E+02 3.403E+02 2.828E+02 2.366E+02 1.999E+02 1.710E+02 1.482E+02 1.293E+02
 1.137E+02 1.011E+02 9.062E+01 8.175E+01 7.398E+01 6.700E+01 6.056E+01 5.460E+01
 4.924E+01 4.465E+01 4.087E+01 3.774E+01 3.508E+01 3.276E+01 3.068E+01 2.878E+01
 nm= 12 for molecule: OH   with presmo index  5
 CONS=0; idmol,it,t=   5   1  2898. because partp,akapmol=  6.94E-04  1.35E-33
 CONS=/0; con0wr,idmol,it=   6279   5  10; partp,akapmol=   1.231E-04   2.246E-37
 CONS=/0; con0wr,idmol,it=   6289   5  20; partp,akapmol=   1.626E-05   3.576E-37
 CONS=/0; con0wr,idmol,it=   6299   5  30; partp,akapmol=   2.344E-06   1.671E-34
 CONS=/0; con0wr,idmol,it=   6309   5  40; partp,akapmol=   7.380E-07   6.768E-34
 CONS=/0; con0wr,idmol,it=  15555   5  40; partp,akapmol=   7.380E-07  -2.222E-25
 CONS=/0; con0wr,idmol,it=  17738   5  13; partp,akapmol=   6.695E-05   2.776E-26
 We assigned opacity data for  9621 OS frequency points, out of 10598 OS freq. in total
  jvlast,jvfirst =        9621           2
 SSD (sum wn-wnmol/  9621) for OH   was:  2.8678E-01
 INTEGRATED ABS.COF. IN CM/MOL FOR OH  
 4.733E+08 4.730E+08 4.728E+08 4.725E+08 4.723E+08 4.720E+08 4.718E+08 4.716E+08
 4.714E+08 4.712E+08 4.710E+08 4.708E+08 4.706E+08 4.705E+08 4.703E+08 4.702E+08
 4.700E+08 4.699E+08 4.697E+08 4.696E+08 4.694E+08 4.692E+08 4.691E+08 4.689E+08
 4.687E+08 4.684E+08 4.682E+08 4.681E+08 4.682E+08 4.686E+08 4.693E+08 4.698E+08
 4.698E+08 4.698E+08 4.698E+08 4.698E+08 4.698E+08 4.698E+08 4.698E+08 4.698E+08
 4.698E+08 4.698E+08 4.698E+08 4.698E+08 4.698E+08 4.698E+08 4.698E+08 4.698E+08
 INTEGRATED OPACITY IN CM/g* FOR OH  
 3.286E+05 2.783E+05 2.331E+05 1.933E+05 1.592E+05 1.306E+05 1.068E+05 8.717E+04
 7.111E+04 5.800E+04 4.731E+04 3.861E+04 3.151E+04 2.573E+04 2.102E+04 1.717E+04
 1.403E+04 1.146E+04 9.355E+03 7.633E+03 6.224E+03 5.072E+03 4.132E+03 3.368E+03
 2.744E+03 2.257E+03 1.861E+03 1.545E+03 1.295E+03 1.098E+03 9.439E+02 8.209E+02
 7.219E+02 6.417E+02 5.754E+02 5.191E+02 4.698E+02 4.254E+02 3.846E+02 3.467E+02
 3.126E+02 2.835E+02 2.595E+02 2.397E+02 2.228E+02 2.080E+02 1.948E+02 1.827E+02
 nm= 13 for molecule: SiH  with presmo index 19
 CONS=0; idmol,it,t=  19   1  2898. because partp,akapmol=  2.71E-06  8.01E-41
 CONS=/0; con0wr,idmol,it=   3830  19  10; partp,akapmol=   4.809E-07   1.081E-31
 CONS=/0; con0wr,idmol,it=   3840  19  20; partp,akapmol=   6.350E-08   4.533E-31
 CONS=/0; con0wr,idmol,it=   3850  19  30; partp,akapmol=   9.156E-09   1.376E-29
 CONS=/0; con0wr,idmol,it=   3860  19  40; partp,akapmol=   2.883E-09   3.034E-29
 CONS=/0; con0wr,idmol,it=   7726  19  13; partp,akapmol=   2.616E-07   3.536E+00
 We assigned opacity data for  4592 OS frequency points, out of 10598 OS freq. in total
  jvlast,jvfirst =        8675           2
 SSD (sum wn-wnmol/  4592) for SiH  was:  3.3951E-01
 INTEGRATED ABS.COF. IN CM/MOL FOR SiH 
 2.230E+11 2.227E+11 2.225E+11 2.222E+11 2.219E+11 2.216E+11 2.213E+11 2.210E+11
 2.207E+11 2.204E+11 2.201E+11 2.198E+11 2.195E+11 2.192E+11 2.190E+11 2.187E+11
 2.184E+11 2.181E+11 2.178E+11 2.175E+11 2.172E+11 2.168E+11 2.164E+11 2.159E+11
 2.154E+11 2.144E+11 2.133E+11 2.122E+11 2.110E+11 2.098E+11 2.086E+11 2.082E+11
 2.082E+11 2.082E+11 2.082E+11 2.082E+11 2.082E+11 2.082E+11 2.082E+11 2.082E+11
 2.082E+11 2.082E+11 2.082E+11 2.082E+11 2.082E+11 2.082E+11 2.082E+11 2.082E+11
 INTEGRATED OPACITY IN CM/g* FOR SiH 
 6.048E+05 5.119E+05 4.284E+05 3.551E+05 2.922E+05 2.394E+05 1.956E+05 1.596E+05
 1.300E+05 1.060E+05 8.637E+04 7.041E+04 5.742E+04 4.684E+04 3.823E+04 3.120E+04
 2.547E+04 2.078E+04 1.695E+04 1.381E+04 1.125E+04 9.155E+03 7.446E+03 6.058E+03
 4.925E+03 4.035E+03 3.313E+03 2.736E+03 2.280E+03 1.921E+03 1.639E+03 1.421E+03
 1.250E+03 1.111E+03 9.959E+02 8.984E+02 8.131E+02 7.363E+02 6.656E+02 6.001E+02
 5.411E+02 4.907E+02 4.492E+02 4.148E+02 3.856E+02 3.600E+02 3.372E+02 3.163E+02
 nm= 14 for molecule: SiO  with presmo index 27
 CONS=0; idmol,it,t=  27   1  2898. because partp,akapmol=  1.19E-07  8.36E-28
 CONS=/0; con0wr,idmol,it=    467  27  13; partp,akapmol=   1.148E-08   9.671E-12
 We assigned opacity data for 10328 OS frequency points, out of 10598 OS freq. in total
  jvlast,jvfirst =       10328           2
 SSD (sum wn-wnmol/ 10328) for SiO  was:  3.8135E-01
 INTEGRATED ABS.COF. IN CM/MOL FOR SiO 
 2.599E+11 2.598E+11 2.596E+11 2.595E+11 2.593E+11 2.591E+11 2.589E+11 2.588E+11
 2.586E+11 2.584E+11 2.583E+11 2.581E+11 2.579E+11 2.578E+11 2.576E+11 2.574E+11
 2.573E+11 2.571E+11 2.569E+11 2.568E+11 2.566E+11 2.563E+11 2.561E+11 2.558E+11
 2.555E+11 2.549E+11 2.543E+11 2.536E+11 2.530E+11 2.523E+11 2.516E+11 2.514E+11
 2.514E+11 2.514E+11 2.514E+11 2.514E+11 2.514E+11 2.514E+11 2.514E+11 2.514E+11
 2.514E+11 2.514E+11 2.514E+11 2.514E+11 2.514E+11 2.514E+11 2.514E+11 2.514E+11
 INTEGRATED OPACITY IN CM/g* FOR SiO 
 3.095E+04 2.621E+04 2.195E+04 1.820E+04 1.499E+04 1.229E+04 1.005E+04 8.203E+03
 6.690E+03 5.456E+03 4.449E+03 3.629E+03 2.962E+03 2.418E+03 1.974E+03 1.613E+03
 1.317E+03 1.075E+03 8.776E+02 7.158E+02 5.834E+02 4.752E+02 3.869E+02 3.151E+02
 2.565E+02 2.106E+02 1.734E+02 1.436E+02 1.200E+02 1.014E+02 8.678E+01 7.532E+01
 6.624E+01 5.888E+01 5.280E+01 4.763E+01 4.310E+01 3.903E+01 3.528E+01 3.181E+01
 2.869E+01 2.601E+01 2.381E+01 2.199E+01 2.044E+01 1.909E+01 1.787E+01 1.677E+01
 nm= 15 for molecule: TiH  with presmo index214
 CONS=0; idmol,it,t= 214   1  2898. because partp,akapmol=  3.36E-10  9.27E-34
 CONS=/0; con0wr,idmol,it=   2537 214  49; partp,akapmol=   0.000E+00   0.000E+00
 We assigned opacity data for  3230 OS frequency points, out of 10598 OS freq. in total
  jvlast,jvfirst =        8176           2
 SSD (sum wn-wnmol/  3230) for TiH  was:  3.3507E-01
 INTEGRATED ABS.COF. IN CM/MOL FOR TiH 
 5.009E+10 4.979E+10 4.947E+10 4.914E+10 4.880E+10 4.846E+10 4.812E+10 4.779E+10
 4.747E+10 4.715E+10 4.684E+10 4.654E+10 4.625E+10 4.596E+10 4.568E+10 4.540E+10
 4.511E+10 4.483E+10 4.453E+10 4.422E+10 4.389E+10 4.353E+10 4.313E+10 4.266E+10
 4.217E+10 4.130E+10 4.035E+10 3.936E+10 3.835E+10 3.730E+10 3.622E+10 3.577E+10
 3.577E+10 3.577E+10 3.577E+10 3.577E+10 3.577E+10 3.577E+10 3.577E+10 3.577E+10
 3.577E+10 3.577E+10 3.577E+10 3.577E+10 3.577E+10 3.577E+10 3.577E+10 3.577E+10
 INTEGRATED OPACITY IN CM/g* FOR TiH 
 1.680E+01 1.416E+01 1.179E+01 9.715E+00 7.952E+00 6.479E+00 5.264E+00 4.270E+00
 3.461E+00 2.805E+00 2.274E+00 1.844E+00 1.496E+00 1.215E+00 9.865E-01 8.014E-01
 6.508E-01 5.284E-01 4.286E-01 3.474E-01 2.813E-01 2.274E-01 1.836E-01 1.481E-01
 1.193E-01 9.615E-02 7.752E-02 6.278E-02 5.125E-02 4.225E-02 3.520E-02 3.021E-02
 2.656E-02 2.361E-02 2.117E-02 1.910E-02 1.729E-02 1.565E-02 1.415E-02 1.276E-02
 1.150E-02 1.043E-02 9.550E-03 8.819E-03 8.198E-03 7.654E-03 7.168E-03 6.724E-03
 nm= 16 for molecule: TiO  with presmo index 31
 CONS=0; idmol,it,t=  31   1  2898. because partp,akapmol=  5.45E-12  6.33E-36
 CONS=/0; con0wr,idmol,it=    275  31  49; partp,akapmol=   0.000E+00   0.000E+00
 We assigned opacity data for  8596 OS frequency points, out of 10598 OS freq. in total
  jvlast,jvfirst =        8596           2
 SSD (sum wn-wnmol/  8596) for TiO  was:  1.9123E-01
 INTEGRATED ABS.COF. IN CM/MOL FOR TiO 
 1.491E+11 1.490E+11 1.488E+11 1.487E+11 1.485E+11 1.484E+11 1.482E+11 1.481E+11
 1.479E+11 1.478E+11 1.476E+11 1.474E+11 1.473E+11 1.471E+11 1.470E+11 1.468E+11
 1.466E+11 1.465E+11 1.463E+11 1.461E+11 1.459E+11 1.457E+11 1.454E+11 1.451E+11
 1.448E+11 1.441E+11 1.434E+11 1.426E+11 1.417E+11 1.408E+11 1.397E+11 1.393E+11
 1.393E+11 1.393E+11 1.393E+11 1.393E+11 1.393E+11 1.393E+11 1.393E+11 1.393E+11
 1.393E+11 1.393E+11 1.393E+11 1.393E+11 1.393E+11 1.393E+11 1.393E+11 1.393E+11
 INTEGRATED OPACITY IN CM/g* FOR TiO 
 8.121E-01 6.877E-01 5.757E-01 4.773E-01 3.930E-01 3.221E-01 2.632E-01 2.147E-01
 1.751E-01 1.427E-01 1.163E-01 9.485E-02 7.737E-02 6.313E-02 5.153E-02 4.207E-02
 3.434E-02 2.803E-02 2.286E-02 1.863E-02 1.518E-02 1.235E-02 1.005E-02 8.177E-03
 6.648E-03 5.447E-03 4.472E-03 3.692E-03 3.075E-03 2.589E-03 2.205E-03 1.910E-03
 1.680E-03 1.493E-03 1.339E-03 1.208E-03 1.093E-03 9.897E-04 8.947E-04 8.067E-04
 7.274E-04 6.596E-04 6.038E-04 5.576E-04 5.183E-04 4.839E-04 4.532E-04 4.251E-04
 nm= 17 for molecule: CrH  with presmo index217
 CONS=0; idmol,it,t= 217  21  3322. because partp,akapmol=  3.34E-11  2.65E-23
 CONS=/0; con0wr,idmol,it=    614 217  10; partp,akapmol=   3.098E-10   1.452E-25
 CONS=/0; con0wr,idmol,it=    624 217  20; partp,akapmol=   4.092E-11   2.549E-25
 CONS=/0; con0wr,idmol,it=    634 217  30; partp,akapmol=   5.900E-12   1.028E-24
 CONS=/0; con0wr,idmol,it=    644 217  40; partp,akapmol=   1.858E-12   1.437E-24
 CONS=/0; con0wr,idmol,it=   3805 217  13; partp,akapmol=   1.685E-10   1.522E-01
 We assigned opacity data for  1700 OS frequency points, out of 10598 OS freq. in total
  jvlast,jvfirst =        7183           2
 SSD (sum wn-wnmol/  1700) for CrH  was:  2.7697E-01
 INTEGRATED ABS.COF. IN CM/MOL FOR CrH 
 4.605E+09 4.597E+09 4.588E+09 4.579E+09 4.570E+09 4.560E+09 4.550E+09 4.540E+09
 4.530E+09 4.521E+09 4.511E+09 4.501E+09 4.492E+09 4.482E+09 4.473E+09 4.463E+09
 4.453E+09 4.443E+09 4.433E+09 4.421E+09 4.409E+09 4.396E+09 4.381E+09 4.363E+09
 4.344E+09 4.310E+09 4.271E+09 4.231E+09 4.189E+09 4.146E+09 4.102E+09 4.085E+09
 4.085E+09 4.085E+09 4.085E+09 4.085E+09 4.085E+09 4.085E+09 4.085E+09 4.085E+09
 4.085E+09 4.085E+09 4.085E+09 4.085E+09 4.085E+09 4.085E+09 4.085E+09 4.085E+09
 INTEGRATED OPACITY IN CM/g* FOR CrH 
 8.047E+00 6.808E+00 5.694E+00 4.716E+00 3.879E+00 3.175E+00 2.592E+00 2.112E+00
 1.720E+00 1.401E+00 1.141E+00 9.290E-01 7.570E-01 6.170E-01 5.031E-01 4.103E-01
 3.346E-01 2.728E-01 2.222E-01 1.809E-01 1.472E-01 1.196E-01 9.715E-02 7.889E-02
 6.401E-02 5.226E-02 4.274E-02 3.515E-02 2.916E-02 2.446E-02 2.077E-02 1.797E-02
 1.580E-02 1.404E-02 1.259E-02 1.136E-02 1.028E-02 9.311E-03 8.416E-03 7.588E-03
 6.843E-03 6.205E-03 5.680E-03 5.245E-03 4.876E-03 4.553E-03 4.263E-03 3.999E-03
 nm= 18 for molecule: NO   with presmo index217
 CONS=0; idmol,it,t= 217   1  2898. because partp,akapmol=  1.75E-09  8.95E-47
 CONS=/0; con0wr,idmol,it=  15551 217  10; partp,akapmol=   3.098E-10   1.171E-38
 CONS=/0; con0wr,idmol,it=  15561 217  20; partp,akapmol=   4.092E-11   5.032E-38
 CONS=/0; con0wr,idmol,it=  15571 217  30; partp,akapmol=   5.900E-12   1.602E-36
 CONS=/0; con0wr,idmol,it=  15581 217  40; partp,akapmol=   1.858E-12   3.570E-36
 CONS=/0; con0wr,idmol,it=  17482 217  13; partp,akapmol=   1.685E-10   4.000E-10
 We assigned opacity data for  6288 OS frequency points, out of 10598 OS freq. in total
  jvlast,jvfirst =        6288           2
 SSD (sum wn-wnmol/  6288) for NO   was:  8.0007E-02
 INTEGRATED ABS.COF. IN CM/MOL FOR NO  
 1.382E+06 1.376E+06 1.370E+06 1.364E+06 1.357E+06 1.351E+06 1.345E+06 1.339E+06
 1.333E+06 1.327E+06 1.322E+06 1.316E+06 1.311E+06 1.306E+06 1.302E+06 1.297E+06
 1.292E+06 1.287E+06 1.283E+06 1.278E+06 1.272E+06 1.267E+06 1.260E+06 1.253E+06
 1.246E+06 1.233E+06 1.220E+06 1.207E+06 1.194E+06 1.182E+06 1.172E+06 1.168E+06
 1.168E+06 1.168E+06 1.168E+06 1.168E+06 1.168E+06 1.168E+06 1.168E+06 1.168E+06
 1.168E+06 1.168E+06 1.168E+06 1.168E+06 1.168E+06 1.168E+06 1.168E+06 1.168E+06
 INTEGRATED OPACITY IN CM/g* FOR NO  
 2.415E-03 2.038E-03 1.700E-03 1.404E-03 1.152E-03 9.407E-04 7.661E-04 6.229E-04
 5.061E-04 4.113E-04 3.342E-04 2.717E-04 2.210E-04 1.798E-04 1.464E-04 1.192E-04
 9.709E-05 7.903E-05 6.430E-05 5.227E-05 4.246E-05 3.446E-05 2.795E-05 2.266E-05
 1.836E-05 1.495E-05 1.220E-05 1.002E-05 8.312E-06 6.975E-06 5.931E-06 5.136E-06
 4.516E-06 4.015E-06 3.600E-06 3.247E-06 2.939E-06 2.661E-06 2.406E-06 2.169E-06
 1.956E-06 1.774E-06 1.624E-06 1.499E-06 1.394E-06 1.301E-06 1.219E-06 1.143E-06
 nm= 19 for molecule: LiH  with presmo index 71
 CONS=0; idmol,it,t=  71   1  2898. because partp,akapmol=  1.57E-14  4.80E-27
 CONS=/0; con0wr,idmol,it=    442  71  10; partp,akapmol=   2.785E-15   4.709E-25
 CONS=/0; con0wr,idmol,it=    452  71  20; partp,akapmol=   3.677E-16   2.479E-24
 CONS=/0; con0wr,idmol,it=    462  71  30; partp,akapmol=   5.302E-17   1.394E-22
 CONS=/0; con0wr,idmol,it=    472  71  40; partp,akapmol=   1.670E-17   3.549E-22
 CONS=/0; con0wr,idmol,it=   9834  71  10; partp,akapmol=   2.785E-15   6.519E-30
 CONS=/0; con0wr,idmol,it=   9844  71  20; partp,akapmol=   3.677E-16   1.037E-29
 CONS=/0; con0wr,idmol,it=   9854  71  30; partp,akapmol=   5.302E-17   2.115E-27
 CONS=/0; con0wr,idmol,it=   9864  71  40; partp,akapmol=   1.670E-17   8.548E-27
 CONS=/0; con0wr,idmol,it=  17067  71  10; partp,akapmol=   2.785E-15   4.832E-28
 CONS=/0; con0wr,idmol,it=  17077  71  20; partp,akapmol=   3.677E-16   2.672E-27
 CONS=/0; con0wr,idmol,it=  17087  71  30; partp,akapmol=   5.302E-17   1.571E-25
 CONS=/0; con0wr,idmol,it=  17097  71  40; partp,akapmol=   1.670E-17   4.000E-25
 CONS=/0; con0wr,idmol,it=  25877  71  10; partp,akapmol=   2.785E-15   3.249E-24
 CONS=/0; con0wr,idmol,it=  25887  71  20; partp,akapmol=   3.677E-16   1.291E-23
 CONS=/0; con0wr,idmol,it=  25897  71  30; partp,akapmol=   5.302E-17   3.524E-22
 CONS=/0; con0wr,idmol,it=  25907  71  40; partp,akapmol=   1.670E-17   7.545E-22
 CONS=/0; con0wr,idmol,it=  60700  71  13; partp,akapmol=   1.515E-15   4.688E-12
 We assigned opacity data for  7783 OS frequency points, out of 10598 OS freq. in total
  jvlast,jvfirst =        7783           2
 SSD (sum wn-wnmol/  7783) for LiH  was:  1.3967E-01
 INTEGRATED ABS.COF. IN CM/MOL FOR LiH 
 7.224E+04 7.268E+04 7.318E+04 7.369E+04 7.420E+04 7.471E+04 7.522E+04 7.572E+04
 7.620E+04 7.667E+04 7.713E+04 7.757E+04 7.800E+04 7.841E+04 7.881E+04 7.921E+04
 7.961E+04 8.000E+04 8.041E+04 8.083E+04 8.127E+04 8.174E+04 8.225E+04 8.285E+04
 8.345E+04 8.450E+04 8.558E+04 8.667E+04 8.775E+04 8.887E+04 9.007E+04 9.060E+04
 9.060E+04 9.060E+04 9.060E+04 9.060E+04 9.060E+04 9.060E+04 9.060E+04 9.060E+04
 9.060E+04 9.060E+04 9.060E+04 9.060E+04 9.060E+04 9.060E+04 9.060E+04 9.060E+04
 INTEGRATED OPACITY IN CM/g* FOR LiH 
 1.134E-09 9.674E-10 8.161E-10 6.819E-10 5.660E-10 4.676E-10 3.851E-10 3.166E-10
 2.601E-10 2.135E-10 1.753E-10 1.439E-10 1.181E-10 9.700E-11 7.967E-11 6.545E-11
 5.376E-11 4.414E-11 3.623E-11 2.972E-11 2.438E-11 1.999E-11 1.639E-11 1.346E-11
 1.105E-11 9.209E-12 7.697E-12 6.471E-12 5.490E-12 4.712E-12 4.098E-12 3.581E-12
 3.149E-12 2.799E-12 2.510E-12 2.264E-12 2.049E-12 1.856E-12 1.678E-12 1.513E-12
 1.364E-12 1.237E-12 1.132E-12 1.045E-12 9.718E-13 9.074E-13 8.498E-13 7.972E-13
 nm= 20 for molecule: VO   with presmo index 32
 CONS=0; idmol,it,t=  32   1  2898. because partp,akapmol=  1.68E-13  7.53E-27
 CONS=/0; con0wr,idmol,it=  15721  32  13; partp,akapmol=   1.625E-14   1.135E+00
 We assigned opacity data for  7916 OS frequency points, out of 10598 OS freq. in total
  jvlast,jvfirst =        8504           2
 SSD (sum wn-wnmol/  7916) for VO   was:  1.9719E-01
 INTEGRATED ABS.COF. IN CM/MOL FOR VO  
 7.433E+10 7.446E+10 7.459E+10 7.474E+10 7.488E+10 7.503E+10 7.518E+10 7.533E+10
 7.548E+10 7.563E+10 7.577E+10 7.592E+10 7.606E+10 7.620E+10 7.633E+10 7.647E+10
 7.661E+10 7.675E+10 7.690E+10 7.706E+10 7.723E+10 7.742E+10 7.762E+10 7.788E+10
 7.814E+10 7.862E+10 7.917E+10 7.975E+10 8.039E+10 8.109E+10 8.186E+10 8.220E+10
 8.220E+10 8.220E+10 8.220E+10 8.220E+10 8.220E+10 8.220E+10 8.220E+10 8.220E+10
 8.220E+10 8.220E+10 8.220E+10 8.220E+10 8.220E+10 8.220E+10 8.220E+10 8.220E+10
 INTEGRATED OPACITY IN CM/g* FOR VO  
 1.252E-02 1.063E-02 8.925E-03 7.421E-03 6.128E-03 5.038E-03 4.130E-03 3.380E-03
 2.764E-03 2.260E-03 1.847E-03 1.511E-03 1.236E-03 1.011E-03 8.279E-04 6.779E-04
 5.550E-04 4.543E-04 3.717E-04 3.040E-04 2.485E-04 2.031E-04 1.660E-04 1.358E-04
 1.110E-04 9.193E-05 7.638E-05 6.388E-05 5.396E-05 4.613E-05 3.996E-05 3.486E-05
 3.066E-05 2.725E-05 2.444E-05 2.204E-05 1.995E-05 1.807E-05 1.633E-05 1.472E-05
 1.328E-05 1.204E-05 1.102E-05 1.018E-05 9.460E-06 8.833E-06 8.272E-06 7.760E-06
 nm= 21 for molecule: ZrO  with presmo index 33
 CONS=0; idmol,it,t=  33   1  2898. because partp,akapmol=  1.23E-13  1.20E-38
 CONS=/0; con0wr,idmol,it=    328  33  49; partp,akapmol=   0.000E+00   0.000E+00
 We assigned opacity data for  4321 OS frequency points, out of 10598 OS freq. in total
  jvlast,jvfirst =        8546           2
 SSD (sum wn-wnmol/  4321) for ZrO  was:  3.3276E-01
 INTEGRATED ABS.COF. IN CM/MOL FOR ZrO 
 2.364E+11 2.363E+11 2.363E+11 2.362E+11 2.361E+11 2.360E+11 2.360E+11 2.359E+11
 2.358E+11 2.357E+11 2.356E+11 2.355E+11 2.354E+11 2.353E+11 2.352E+11 2.351E+11
 2.350E+11 2.349E+11 2.348E+11 2.346E+11 2.345E+11 2.343E+11 2.341E+11 2.339E+11
 2.336E+11 2.331E+11 2.325E+11 2.319E+11 2.312E+11 2.304E+11 2.296E+11 2.292E+11
 2.292E+11 2.292E+11 2.292E+11 2.292E+11 2.292E+11 2.292E+11 2.292E+11 2.292E+11
 2.292E+11 2.292E+11 2.292E+11 2.292E+11 2.292E+11 2.292E+11 2.292E+11 2.292E+11
 INTEGRATED OPACITY IN CM/g* FOR ZrO 
 2.896E-02 2.454E-02 2.056E-02 1.705E-02 1.405E-02 1.152E-02 9.425E-03 7.695E-03
 6.278E-03 5.121E-03 4.177E-03 3.408E-03 2.782E-03 2.271E-03 1.855E-03 1.516E-03
 1.238E-03 1.011E-03 8.252E-04 6.732E-04 5.487E-04 4.470E-04 3.640E-04 2.965E-04
 2.414E-04 1.982E-04 1.632E-04 1.351E-04 1.128E-04 9.530E-05 8.148E-05 7.069E-05
 6.216E-05 5.526E-05 4.955E-05 4.469E-05 4.045E-05 3.663E-05 3.311E-05 2.985E-05
 2.692E-05 2.441E-05 2.235E-05 2.064E-05 1.918E-05 1.791E-05 1.677E-05 1.573E-05
 nm= 22 for molecule: H2   with presmo index 10
 CONS=0; idmol,it,t=  10  21  3322. because partp,akapmol=  1.47E-02  2.53E-49
 CONS=/0; con0wr,idmol,it=    933  10  10; partp,akapmol=   1.368E-01   6.350E-50
 CONS=/0; con0wr,idmol,it=    943  10  20; partp,akapmol=   1.807E-02   1.012E-49
 CONS=/0; con0wr,idmol,it=    953  10  30; partp,akapmol=   2.605E-03   8.545E-44
 CONS=/0; con0wr,idmol,it=    963  10  40; partp,akapmol=   8.203E-04   3.467E-43
 CONS=/0; con0wr,idmol,it=  34491  10  49; partp,akapmol=   0.000E+00   0.000E+00
 We assigned opacity data for 10598 OS frequency points, out of 10598 OS freq. in total
  jvlast,jvfirst =       10597           2
 SSD (sum wn-wnmol/ 10598) for H2   was:  4.2565E-01
 INTEGRATED ABS.COF. IN CM/MOL FOR H2  
 1.530E+08 1.595E+08 1.669E+08 1.748E+08 1.832E+08 1.920E+08 2.010E+08 2.102E+08
 2.197E+08 2.292E+08 2.389E+08 2.486E+08 2.585E+08 2.684E+08 2.784E+08 2.887E+08
 2.994E+08 3.107E+08 3.226E+08 3.355E+08 3.497E+08 3.657E+08 3.840E+08 4.070E+08
 4.316E+08 4.794E+08 5.363E+08 6.017E+08 6.767E+08 7.638E+08 8.671E+08 9.142E+08
 9.142E+08 9.142E+08 9.142E+08 9.142E+08 9.142E+08 9.142E+08 9.142E+08 9.142E+08
 9.142E+08 9.142E+08 9.142E+08 9.142E+08 9.142E+08 9.142E+08 9.142E+08 9.142E+08
 INTEGRATED OPACITY IN CM/g* FOR H2  
 1.181E+08 1.043E+08 9.145E+07 7.950E+07 6.866E+07 5.902E+07 5.056E+07 4.319E+07
 3.683E+07 3.136E+07 2.667E+07 2.266E+07 1.924E+07 1.631E+07 1.383E+07 1.172E+07
 9.935E+06 8.422E+06 7.142E+06 6.061E+06 5.153E+06 4.394E+06 3.760E+06 3.249E+06
 2.808E+06 2.567E+06 2.370E+06 2.207E+06 2.080E+06 1.990E+06 1.938E+06 1.776E+06
 1.561E+06 1.388E+06 1.245E+06 1.123E+06 1.016E+06 9.201E+05 8.318E+05 7.499E+05
 6.762E+05 6.132E+05 5.613E+05 5.184E+05 4.818E+05 4.499E+05 4.213E+05 3.952E+05
 nm= 23 for molecule: at1d with presmo index  1
 CONS=0; idmol,it,t=   1   1  2898. because partp,akapmol=  5.72E-04 -1.59E-06
 CONS=/0; con0wr,idmol,it=     26   1  10; partp,akapmol=   1.015E-04   1.000E-25
 We assigned opacity data for  8950 OS frequency points, out of 10598 OS freq. in total
  jvlast,jvfirst =        8950           2
 SSD (sum wn-wnmol/  8950) for at1d was:  2.9901E-04
 INTEGRATED ABS.COF. IN CM/MOL FOR at1d
 1.020E+07 1.020E+07 1.020E+07 1.020E+07 1.020E+07 1.020E+07 1.020E+07 1.020E+07
 1.020E+07 1.020E+07 1.020E+07 1.020E+07 1.020E+07 1.023E+07 1.030E+07 1.036E+07
 1.043E+07 1.049E+07 1.055E+07 1.061E+07 1.068E+07 1.074E+07 1.081E+07 1.089E+07
 1.096E+07 1.108E+07 1.117E+07 1.123E+07 1.125E+07 1.122E+07 1.115E+07 1.101E+07
 1.079E+07 1.046E+07 1.003E+07 9.484E+06 8.858E+06 8.181E+06 7.510E+06 6.937E+06
 6.525E+06 6.253E+06 6.067E+06 5.928E+06 5.816E+06 5.722E+06 5.637E+06 5.559E+06
 INTEGRATED OPACITY IN CM/g* FOR at1d
 1.020E+07 1.020E+07 1.020E+07 1.020E+07 1.020E+07 1.020E+07 1.020E+07 1.020E+07
 1.020E+07 1.020E+07 1.020E+07 1.020E+07 1.020E+07 1.023E+07 1.030E+07 1.036E+07
 1.043E+07 1.049E+07 1.055E+07 1.061E+07 1.068E+07 1.074E+07 1.081E+07 1.089E+07
 1.096E+07 1.108E+07 1.117E+07 1.123E+07 1.125E+07 1.122E+07 1.115E+07 1.101E+07
 1.079E+07 1.046E+07 1.003E+07 9.484E+06 8.858E+06 8.181E+06 7.510E+06 6.937E+06
 6.525E+06 6.253E+06 6.067E+06 5.928E+06 5.816E+06 5.722E+06 5.637E+06 5.559E+06
 total and accumulated time processing OS tables:
 Total time spent:  7.90 sec. Added time:  7.86 sec.
 time when starting OSTABLOOK:
 Total time spent:  7.97 sec. Added time:  0.07 sec.
